<?xml version="1.0" encoding="UTF-8"?>
<testng-results ignored="0" total="1" passed="1" failed="0" skipped="0">
  <reporter-output>
  </reporter-output>
  <suite started-at="2021-09-07T11:35:29 IST" name="Default suite" finished-at="2021-09-07T11:35:38 IST" duration-ms="8492">
    <groups>
    </groups>
    <test started-at="2021-09-07T11:35:29 IST" name="Default test" finished-at="2021-09-07T11:35:38 IST" duration-ms="8492">
      <class name="learntesting.GridDemo">
        <test-method signature="testLogin()[pri:0, instance:learntesting.GridDemo@34f7cfd9]" started-at="2021-09-07T11:35:29 IST" name="testLogin" finished-at="2021-09-07T11:35:38 IST" duration-ms="8458" status="PASS">
          <reporter-output>
          </reporter-output>
        </test-method> <!-- testLogin -->
      </class> <!-- learntesting.GridDemo -->
    </test> <!-- Default test -->
  </suite> <!-- Default suite -->
</testng-results>
